<?xml version="1.0" encoding="utf-8"?><testsuites><testsuite name="pytest" errors="0" failures="1" skipped="0" tests="9" time="0.125" timestamp="2021-01-30T13:31:12.278011" hostname="G6A8N2MX33W4TW4"><testcase classname="test_calc.TestCalc" name="test_add[int]" time="0.002" /><testcase classname="test_calc.TestCalc" name="test_add[zero]" time="0.002"><failure message="assert 300 == 500&#10; +  where 500 = &lt;bound method Calculator.add of &lt;pythoncode.Calculator.Calculator object at 0x00000238C886C5E0&gt;&gt;(100, 400)&#10; +    where &lt;bound method Calculator.add of &lt;pythoncode.Calculator.Calculator object at 0x00000238C886C5E0&gt;&gt; = &lt;pythoncode.Calculator.Calculator object at 0x00000238C886C5E0&gt;.add&#10; +      where &lt;pythoncode.Calculator.Calculator object at 0x00000238C886C5E0&gt; = &lt;test_calc.TestCalc object at 0x00000238C886C6A0&gt;.calc">self = &lt;test_calc.TestCalc object at 0x00000238C886C6A0&gt;, a = 100, b = 400, result = 300

    @pytest.mark.parametrize("a, b, result", datas[0], ids=datas[1])
    def test_add(self, a, b, result):
        print(f"a={a} , b ={b} ,result={result}")
&gt;       assert result == self.calc.add(a, b)
E       assert 300 == 500
E        +  where 500 = &lt;bound method Calculator.add of &lt;pythoncode.Calculator.Calculator object at 0x00000238C886C5E0&gt;&gt;(100, 400)
E        +    where &lt;bound method Calculator.add of &lt;pythoncode.Calculator.Calculator object at 0x00000238C886C5E0&gt;&gt; = &lt;pythoncode.Calculator.Calculator object at 0x00000238C886C5E0&gt;.add
E        +      where &lt;pythoncode.Calculator.Calculator object at 0x00000238C886C5E0&gt; = &lt;test_calc.TestCalc object at 0x00000238C886C6A0&gt;.calc

test_calc.py:36: AssertionError</failure></testcase><testcase classname="test_calc.TestCalc" name="test_add[bignum]" time="0.002" /><testcase classname="test_calc.TestCalc" name="test_add[minus]" time="0.001" /><testcase classname="test_calc.TestCalc" name="test_add[result0]" time="0.001" /><testcase classname="test_calc.TestCalc" name="test_add1" time="0.001" /><testcase classname="test_calc.TestCalc" name="test_div" time="0.001" /><testcase classname="test_calculator.TestCalc" name="test_add" time="0.001" /><testcase classname="test_calculator.TestCalc" name="test_dir" time="0.001" /></testsuite></testsuites>